This file contains any messages produced by compilers while
running configure, to aid debugging if configure makes a mistake.

It was created by configure, which was
generated by GNU Autoconf 2.67.  Invocation command line was

  $ ./configure --disable-shared --enable-static --prefix=/usr/local/xenon/usr --host=xenon

## --------- ##
## Platform. ##
## --------- ##

hostname = crunchbang
uname -m = i686
uname -r = 2.6.32-5-686
uname -s = Linux
uname -v = #1 SMP Sun May 6 04:01:19 UTC 2012

/usr/bin/uname -p = unknown
/bin/uname -X     = unknown

/bin/arch              = unknown
/usr/bin/arch -k       = unknown
/usr/convex/getsysinfo = unknown
/usr/bin/hostinfo      = unknown
/bin/machine           = unknown
/usr/bin/oslevel       = unknown
/bin/universe          = unknown

PATH: /home/pos/bin
PATH: /usr/sbin
PATH: /sbin
PATH: /usr/local/bin
PATH: /usr/bin
PATH: /bin
PATH: /usr/local/games
PATH: /usr/games
PATH: /usr/local/xenon/bin
PATH: /usr/local/xenon/usr/bin


## ----------- ##
## Core tests. ##
## ----------- ##

configure:2349: checking build system type
configure:2363: result: i686-pc-linux-gnu
configure:2383: checking host system type
configure:2396: result: powerpc64-unknown-none
configure:2416: checking target system type
configure:2429: result: powerpc64-unknown-none
configure:2475: checking for a BSD-compatible install
configure:2543: result: /usr/bin/install -c
configure:2554: checking whether build environment is sane
configure:2604: result: yes
configure:2653: checking for xenon-strip
configure:2669: found /usr/local/xenon/bin/xenon-strip
configure:2680: result: xenon-strip
configure:2745: checking for a thread-safe mkdir -p
configure:2784: result: /bin/mkdir -p
configure:2797: checking for gawk
configure:2813: found /usr/bin/gawk
configure:2824: result: gawk
configure:2835: checking whether make sets $(MAKE)
configure:2857: result: yes
configure:2939: checking whether to enable maintainer-specific portions of Makefiles
configure:2948: result: no
configure:2980: checking for xenon-gcc
configure:3007: result: xenon-gcc
configure:3276: checking for C compiler version
configure:3285: xenon-gcc --version >&5
xenon-gcc (GCC) 4.7.1
Copyright (C) 2012 Free Software Foundation, Inc.
This is free software; see the source for copying conditions.  There is NO
warranty; not even for MERCHANTABILITY or FITNESS FOR A PARTICULAR PURPOSE.

configure:3296: $? = 0
configure:3285: xenon-gcc -v >&5
Using built-in specs.
COLLECT_GCC=xenon-gcc
COLLECT_LTO_WRAPPER=/usr/local/xenon/libexec/gcc/xenon/4.7.1/lto-wrapper
Target: xenon
Configured with: ../gcc-4.7.1/configure --target=xenon --prefix=/usr/local/xenon --with-libiconv-prefix=/opt/local --with-cpu=cell --with-gmp=/opt/local --with-mpfr=/opt/local --disable-decimal-float --disable-libquadmath --enable-languages=c,c++ --disable-libssp --with-newlib --enable-cxx-flags=-G0 --disable-libmudflap --disable-nls --disable-shared --disable-linux-futex --enable-altivec --disable-threads --disable-libgomp --disable-libitm
Thread model: single
gcc version 4.7.1 (GCC) 
configure:3296: $? = 0
configure:3285: xenon-gcc -V >&5
xenon-gcc: error: unrecognized command line option '-V'
xenon-gcc: fatal error: no input files
compilation terminated.
configure:3296: $? = 1
configure:3285: xenon-gcc -qversion >&5
xenon-gcc: error: unrecognized command line option '-qversion'
xenon-gcc: fatal error: no input files
compilation terminated.
configure:3296: $? = 1
configure:3316: checking whether the C compiler works
configure:3338: xenon-gcc -mcpu=cell -mtune=cell -m32 -fno-pic -mpowerpc64 /usr/local/xenon/usr/lib/libxenon.a -L/usr/local/xenon/xenon/lib/32/ -T/usr/local/xenon/app.lds -u read -u _start -u exc_base -L/usr/local/xenon/usr/lib -I/usr/local/xenon/usr/include   conftest.c  >&5
configure:3342: $? = 0
configure:3390: result: yes
configure:3393: checking for C compiler default output file name
configure:3395: result: a.out
configure:3401: checking for suffix of executables
configure:3408: xenon-gcc -o conftest -mcpu=cell -mtune=cell -m32 -fno-pic -mpowerpc64 /usr/local/xenon/usr/lib/libxenon.a -L/usr/local/xenon/xenon/lib/32/ -T/usr/local/xenon/app.lds -u read -u _start -u exc_base -L/usr/local/xenon/usr/lib -I/usr/local/xenon/usr/include   conftest.c  >&5
configure:3412: $? = 0
configure:3434: result: 
configure:3456: checking whether we are cross compiling
configure:3464: xenon-gcc -o conftest -mcpu=cell -mtune=cell -m32 -fno-pic -mpowerpc64 /usr/local/xenon/usr/lib/libxenon.a -L/usr/local/xenon/xenon/lib/32/ -T/usr/local/xenon/app.lds -u read -u _start -u exc_base -L/usr/local/xenon/usr/lib -I/usr/local/xenon/usr/include   conftest.c  >&5
configure:3468: $? = 0
configure:3475: ./conftest
./configure: line 3477: ./conftest: cannot execute binary file
configure:3479: $? = 126
configure:3494: result: yes
configure:3499: checking for suffix of object files
configure:3521: xenon-gcc -c -mcpu=cell -mtune=cell -m32 -fno-pic -mpowerpc64 /usr/local/xenon/usr/lib/libxenon.a -L/usr/local/xenon/xenon/lib/32/ -T/usr/local/xenon/app.lds -u read -u _start -u exc_base -L/usr/local/xenon/usr/lib -I/usr/local/xenon/usr/include  conftest.c >&5
xenon-gcc: warning: /usr/local/xenon/usr/lib/libxenon.a: linker input file unused because linking not done
configure:3525: $? = 0
configure:3546: result: o
configure:3550: checking whether we are using the GNU C compiler
configure:3569: xenon-gcc -c -mcpu=cell -mtune=cell -m32 -fno-pic -mpowerpc64 /usr/local/xenon/usr/lib/libxenon.a -L/usr/local/xenon/xenon/lib/32/ -T/usr/local/xenon/app.lds -u read -u _start -u exc_base -L/usr/local/xenon/usr/lib -I/usr/local/xenon/usr/include  conftest.c >&5
xenon-gcc: warning: /usr/local/xenon/usr/lib/libxenon.a: linker input file unused because linking not done
configure:3569: $? = 0
configure:3578: result: yes
configure:3587: checking whether xenon-gcc accepts -g
configure:3607: xenon-gcc -c -g  conftest.c >&5
configure:3607: $? = 0
configure:3648: result: yes
configure:3665: checking for xenon-gcc option to accept ISO C89
configure:3729: xenon-gcc  -c -mcpu=cell -mtune=cell -m32 -fno-pic -mpowerpc64 /usr/local/xenon/usr/lib/libxenon.a -L/usr/local/xenon/xenon/lib/32/ -T/usr/local/xenon/app.lds -u read -u _start -u exc_base -L/usr/local/xenon/usr/lib -I/usr/local/xenon/usr/include  conftest.c >&5
xenon-gcc: warning: /usr/local/xenon/usr/lib/libxenon.a: linker input file unused because linking not done
configure:3729: $? = 0
configure:3742: result: none needed
configure:3773: checking for style of include used by make
configure:3801: result: GNU
configure:3826: checking dependency style of xenon-gcc
configure:3936: result: gcc3
configure:3956: checking how to run the C preprocessor
configure:3987: xenon-gcc -E  conftest.c
configure:3987: $? = 0
configure:4001: xenon-gcc -E  conftest.c
conftest.c:11:28: fatal error: ac_nonexistent.h: No such file or directory
compilation terminated.
configure:4001: $? = 1
configure: failed program was:
| /* confdefs.h */
| #define PACKAGE_NAME ""
| #define PACKAGE_TARNAME ""
| #define PACKAGE_VERSION ""
| #define PACKAGE_STRING ""
| #define PACKAGE_BUGREPORT ""
| #define PACKAGE_URL ""
| #define PACKAGE "libvorbisidec"
| #define VERSION "1.2.1"
| /* end confdefs.h.  */
| #include <ac_nonexistent.h>
configure:4026: result: xenon-gcc -E
configure:4046: xenon-gcc -E  conftest.c
configure:4046: $? = 0
configure:4060: xenon-gcc -E  conftest.c
conftest.c:11:28: fatal error: ac_nonexistent.h: No such file or directory
compilation terminated.
configure:4060: $? = 1
configure: failed program was:
| /* confdefs.h */
| #define PACKAGE_NAME ""
| #define PACKAGE_TARNAME ""
| #define PACKAGE_VERSION ""
| #define PACKAGE_STRING ""
| #define PACKAGE_BUGREPORT ""
| #define PACKAGE_URL ""
| #define PACKAGE "libvorbisidec"
| #define VERSION "1.2.1"
| /* end confdefs.h.  */
| #include <ac_nonexistent.h>
configure:4115: checking for a sed that does not truncate output
configure:4179: result: /bin/sed
configure:4197: checking for grep that handles long lines and -e
configure:4255: result: /bin/grep
configure:4260: checking for egrep
configure:4322: result: /bin/grep -E
configure:4327: checking for fgrep
configure:4389: result: /bin/grep -F
configure:4424: checking for ld used by xenon-gcc
configure:4491: result: /usr/local/xenon/xenon/bin/ld
configure:4498: checking if the linker (/usr/local/xenon/xenon/bin/ld) is GNU ld
configure:4513: result: yes
configure:4525: checking for BSD- or MS-compatible name lister (nm)
configure:4574: result: /usr/local/xenon/bin/xenon-nm -B
configure:4692: checking the name lister (/usr/local/xenon/bin/xenon-nm -B) interface
configure:4699: xenon-gcc -c -mcpu=cell -mtune=cell -m32 -fno-pic -mpowerpc64 /usr/local/xenon/usr/lib/libxenon.a -L/usr/local/xenon/xenon/lib/32/ -T/usr/local/xenon/app.lds -u read -u _start -u exc_base -L/usr/local/xenon/usr/lib -I/usr/local/xenon/usr/include  conftest.c >&5
xenon-gcc: warning: /usr/local/xenon/usr/lib/libxenon.a: linker input file unused because linking not done
configure:4702: /usr/local/xenon/bin/xenon-nm -B "conftest.o"
configure:4705: output
00000000 S some_variable
configure:4712: result: BSD nm
configure:4715: checking whether ln -s works
configure:4719: result: yes
configure:4727: checking the maximum length of command line arguments
configure:4847: result: 1572864
configure:4864: checking whether the shell understands some XSI constructs
configure:4874: result: yes
configure:4878: checking whether the shell understands "+="
configure:4884: result: yes
configure:4919: checking for /usr/local/xenon/xenon/bin/ld option to reload object files
configure:4926: result: -r
configure:4955: checking for xenon-objdump
configure:4971: found /usr/local/xenon/bin/xenon-objdump
configure:4982: result: xenon-objdump
configure:5054: checking how to recognize dependent libraries
configure:5250: result: unknown
configure:5270: checking for xenon-ar
configure:5286: found /usr/local/xenon/bin/xenon-ar
configure:5297: result: xenon-ar
configure:5375: checking for xenon-strip
configure:5402: result: xenon-strip
configure:5474: checking for xenon-ranlib
configure:5490: found /usr/local/xenon/bin/xenon-ranlib
configure:5501: result: xenon-ranlib
configure:5631: checking command to parse /usr/local/xenon/bin/xenon-nm -B output from xenon-gcc object
configure:5749: xenon-gcc -c -mcpu=cell -mtune=cell -m32 -fno-pic -mpowerpc64 /usr/local/xenon/usr/lib/libxenon.a -L/usr/local/xenon/xenon/lib/32/ -T/usr/local/xenon/app.lds -u read -u _start -u exc_base -L/usr/local/xenon/usr/lib -I/usr/local/xenon/usr/include  conftest.c >&5
xenon-gcc: warning: /usr/local/xenon/usr/lib/libxenon.a: linker input file unused because linking not done
configure:5752: $? = 0
configure:5756: /usr/local/xenon/bin/xenon-nm -B conftest.o \| sed -n -e 's/^.*[	 ]\([ABCDGIRSTW][ABCDGIRSTW]*\)[	 ][	 ]*\([_A-Za-z][_A-Za-z0-9]*\)$/\1 \2 \2/p' \> conftest.nm
configure:5759: $? = 0
configure:5813: xenon-gcc -o conftest -mcpu=cell -mtune=cell -m32 -fno-pic -mpowerpc64 /usr/local/xenon/usr/lib/libxenon.a -L/usr/local/xenon/xenon/lib/32/ -T/usr/local/xenon/app.lds -u read -u _start -u exc_base -L/usr/local/xenon/usr/lib -I/usr/local/xenon/usr/include   conftest.c conftstm.o >&5
configure:5816: $? = 0
configure:5854: result: ok
configure:6659: checking for ANSI C header files
configure:6679: xenon-gcc -c -mcpu=cell -mtune=cell -m32 -fno-pic -mpowerpc64 /usr/local/xenon/usr/lib/libxenon.a -L/usr/local/xenon/xenon/lib/32/ -T/usr/local/xenon/app.lds -u read -u _start -u exc_base -L/usr/local/xenon/usr/lib -I/usr/local/xenon/usr/include  conftest.c >&5
xenon-gcc: warning: /usr/local/xenon/usr/lib/libxenon.a: linker input file unused because linking not done
configure:6679: $? = 0
configure:6763: result: yes
configure:6776: checking for sys/types.h
configure:6776: xenon-gcc -c -mcpu=cell -mtune=cell -m32 -fno-pic -mpowerpc64 /usr/local/xenon/usr/lib/libxenon.a -L/usr/local/xenon/xenon/lib/32/ -T/usr/local/xenon/app.lds -u read -u _start -u exc_base -L/usr/local/xenon/usr/lib -I/usr/local/xenon/usr/include  conftest.c >&5
xenon-gcc: warning: /usr/local/xenon/usr/lib/libxenon.a: linker input file unused because linking not done
configure:6776: $? = 0
configure:6776: result: yes
configure:6776: checking for sys/stat.h
configure:6776: xenon-gcc -c -mcpu=cell -mtune=cell -m32 -fno-pic -mpowerpc64 /usr/local/xenon/usr/lib/libxenon.a -L/usr/local/xenon/xenon/lib/32/ -T/usr/local/xenon/app.lds -u read -u _start -u exc_base -L/usr/local/xenon/usr/lib -I/usr/local/xenon/usr/include  conftest.c >&5
xenon-gcc: warning: /usr/local/xenon/usr/lib/libxenon.a: linker input file unused because linking not done
configure:6776: $? = 0
configure:6776: result: yes
configure:6776: checking for stdlib.h
configure:6776: xenon-gcc -c -mcpu=cell -mtune=cell -m32 -fno-pic -mpowerpc64 /usr/local/xenon/usr/lib/libxenon.a -L/usr/local/xenon/xenon/lib/32/ -T/usr/local/xenon/app.lds -u read -u _start -u exc_base -L/usr/local/xenon/usr/lib -I/usr/local/xenon/usr/include  conftest.c >&5
xenon-gcc: warning: /usr/local/xenon/usr/lib/libxenon.a: linker input file unused because linking not done
configure:6776: $? = 0
configure:6776: result: yes
configure:6776: checking for string.h
configure:6776: xenon-gcc -c -mcpu=cell -mtune=cell -m32 -fno-pic -mpowerpc64 /usr/local/xenon/usr/lib/libxenon.a -L/usr/local/xenon/xenon/lib/32/ -T/usr/local/xenon/app.lds -u read -u _start -u exc_base -L/usr/local/xenon/usr/lib -I/usr/local/xenon/usr/include  conftest.c >&5
xenon-gcc: warning: /usr/local/xenon/usr/lib/libxenon.a: linker input file unused because linking not done
configure:6776: $? = 0
configure:6776: result: yes
configure:6776: checking for memory.h
configure:6776: xenon-gcc -c -mcpu=cell -mtune=cell -m32 -fno-pic -mpowerpc64 /usr/local/xenon/usr/lib/libxenon.a -L/usr/local/xenon/xenon/lib/32/ -T/usr/local/xenon/app.lds -u read -u _start -u exc_base -L/usr/local/xenon/usr/lib -I/usr/local/xenon/usr/include  conftest.c >&5
conftest.c:50:20: fatal error: memory.h: No such file or directory
compilation terminated.
configure:6776: $? = 1
configure: failed program was:
| /* confdefs.h */
| #define PACKAGE_NAME ""
| #define PACKAGE_TARNAME ""
| #define PACKAGE_VERSION ""
| #define PACKAGE_STRING ""
| #define PACKAGE_BUGREPORT ""
| #define PACKAGE_URL ""
| #define PACKAGE "libvorbisidec"
| #define VERSION "1.2.1"
| #define STDC_HEADERS 1
| #define HAVE_SYS_TYPES_H 1
| #define HAVE_SYS_STAT_H 1
| #define HAVE_STDLIB_H 1
| #define HAVE_STRING_H 1
| /* end confdefs.h.  */
| #include <stdio.h>
| #ifdef HAVE_SYS_TYPES_H
| # include <sys/types.h>
| #endif
| #ifdef HAVE_SYS_STAT_H
| # include <sys/stat.h>
| #endif
| #ifdef STDC_HEADERS
| # include <stdlib.h>
| # include <stddef.h>
| #else
| # ifdef HAVE_STDLIB_H
| #  include <stdlib.h>
| # endif
| #endif
| #ifdef HAVE_STRING_H
| # if !defined STDC_HEADERS && defined HAVE_MEMORY_H
| #  include <memory.h>
| # endif
| # include <string.h>
| #endif
| #ifdef HAVE_STRINGS_H
| # include <strings.h>
| #endif
| #ifdef HAVE_INTTYPES_H
| # include <inttypes.h>
| #endif
| #ifdef HAVE_STDINT_H
| # include <stdint.h>
| #endif
| #ifdef HAVE_UNISTD_H
| # include <unistd.h>
| #endif
| 
| #include <memory.h>
configure:6776: result: no
configure:6776: checking for strings.h
configure:6776: xenon-gcc -c -mcpu=cell -mtune=cell -m32 -fno-pic -mpowerpc64 /usr/local/xenon/usr/lib/libxenon.a -L/usr/local/xenon/xenon/lib/32/ -T/usr/local/xenon/app.lds -u read -u _start -u exc_base -L/usr/local/xenon/usr/lib -I/usr/local/xenon/usr/include  conftest.c >&5
xenon-gcc: warning: /usr/local/xenon/usr/lib/libxenon.a: linker input file unused because linking not done
configure:6776: $? = 0
configure:6776: result: yes
configure:6776: checking for inttypes.h
configure:6776: xenon-gcc -c -mcpu=cell -mtune=cell -m32 -fno-pic -mpowerpc64 /usr/local/xenon/usr/lib/libxenon.a -L/usr/local/xenon/xenon/lib/32/ -T/usr/local/xenon/app.lds -u read -u _start -u exc_base -L/usr/local/xenon/usr/lib -I/usr/local/xenon/usr/include  conftest.c >&5
xenon-gcc: warning: /usr/local/xenon/usr/lib/libxenon.a: linker input file unused because linking not done
configure:6776: $? = 0
configure:6776: result: yes
configure:6776: checking for stdint.h
configure:6776: xenon-gcc -c -mcpu=cell -mtune=cell -m32 -fno-pic -mpowerpc64 /usr/local/xenon/usr/lib/libxenon.a -L/usr/local/xenon/xenon/lib/32/ -T/usr/local/xenon/app.lds -u read -u _start -u exc_base -L/usr/local/xenon/usr/lib -I/usr/local/xenon/usr/include  conftest.c >&5
xenon-gcc: warning: /usr/local/xenon/usr/lib/libxenon.a: linker input file unused because linking not done
configure:6776: $? = 0
configure:6776: result: yes
configure:6776: checking for unistd.h
configure:6776: xenon-gcc -c -mcpu=cell -mtune=cell -m32 -fno-pic -mpowerpc64 /usr/local/xenon/usr/lib/libxenon.a -L/usr/local/xenon/xenon/lib/32/ -T/usr/local/xenon/app.lds -u read -u _start -u exc_base -L/usr/local/xenon/usr/lib -I/usr/local/xenon/usr/include  conftest.c >&5
xenon-gcc: warning: /usr/local/xenon/usr/lib/libxenon.a: linker input file unused because linking not done
configure:6776: $? = 0
configure:6776: result: yes
configure:6790: checking for dlfcn.h
configure:6790: xenon-gcc -c -mcpu=cell -mtune=cell -m32 -fno-pic -mpowerpc64 /usr/local/xenon/usr/lib/libxenon.a -L/usr/local/xenon/xenon/lib/32/ -T/usr/local/xenon/app.lds -u read -u _start -u exc_base -L/usr/local/xenon/usr/lib -I/usr/local/xenon/usr/include  conftest.c >&5
conftest.c:54:19: fatal error: dlfcn.h: No such file or directory
compilation terminated.
configure:6790: $? = 1
configure: failed program was:
| /* confdefs.h */
| #define PACKAGE_NAME ""
| #define PACKAGE_TARNAME ""
| #define PACKAGE_VERSION ""
| #define PACKAGE_STRING ""
| #define PACKAGE_BUGREPORT ""
| #define PACKAGE_URL ""
| #define PACKAGE "libvorbisidec"
| #define VERSION "1.2.1"
| #define STDC_HEADERS 1
| #define HAVE_SYS_TYPES_H 1
| #define HAVE_SYS_STAT_H 1
| #define HAVE_STDLIB_H 1
| #define HAVE_STRING_H 1
| #define HAVE_STRINGS_H 1
| #define HAVE_INTTYPES_H 1
| #define HAVE_STDINT_H 1
| #define HAVE_UNISTD_H 1
| /* end confdefs.h.  */
| #include <stdio.h>
| #ifdef HAVE_SYS_TYPES_H
| # include <sys/types.h>
| #endif
| #ifdef HAVE_SYS_STAT_H
| # include <sys/stat.h>
| #endif
| #ifdef STDC_HEADERS
| # include <stdlib.h>
| # include <stddef.h>
| #else
| # ifdef HAVE_STDLIB_H
| #  include <stdlib.h>
| # endif
| #endif
| #ifdef HAVE_STRING_H
| # if !defined STDC_HEADERS && defined HAVE_MEMORY_H
| #  include <memory.h>
| # endif
| # include <string.h>
| #endif
| #ifdef HAVE_STRINGS_H
| # include <strings.h>
| #endif
| #ifdef HAVE_INTTYPES_H
| # include <inttypes.h>
| #endif
| #ifdef HAVE_STDINT_H
| # include <stdint.h>
| #endif
| #ifdef HAVE_UNISTD_H
| # include <unistd.h>
| #endif
| 
| #include <dlfcn.h>
configure:6790: result: no
configure:6974: checking for objdir
configure:6989: result: .libs
configure:7281: checking if xenon-gcc supports -fno-rtti -fno-exceptions
configure:7299: xenon-gcc -c -mcpu=cell -mtune=cell -m32 -fno-pic -mpowerpc64 /usr/local/xenon/usr/lib/libxenon.a -L/usr/local/xenon/xenon/lib/32/ -T/usr/local/xenon/app.lds -u read -u _start -u exc_base -L/usr/local/xenon/usr/lib -I/usr/local/xenon/usr/include  -fno-rtti -fno-exceptions conftest.c >&5
cc1: warning: command line option '-fno-rtti' is valid for C++/ObjC++ but not for C [enabled by default]
xenon-gcc: warning: /usr/local/xenon/usr/lib/libxenon.a: linker input file unused because linking not done
configure:7303: $? = 0
configure:7316: result: no
configure:7336: checking for xenon-gcc option to produce PIC
configure:7608: result: -fPIC -DPIC
configure:7620: checking if xenon-gcc PIC flag -fPIC -DPIC works
configure:7638: xenon-gcc -c -mcpu=cell -mtune=cell -m32 -fno-pic -mpowerpc64 /usr/local/xenon/usr/lib/libxenon.a -L/usr/local/xenon/xenon/lib/32/ -T/usr/local/xenon/app.lds -u read -u _start -u exc_base -L/usr/local/xenon/usr/lib -I/usr/local/xenon/usr/include  -fPIC -DPIC -DPIC conftest.c >&5
xenon-gcc: warning: /usr/local/xenon/usr/lib/libxenon.a: linker input file unused because linking not done
configure:7642: $? = 0
configure:7655: result: yes
configure:7679: checking if xenon-gcc static flag -static works
configure:7707: result: yes
configure:7722: checking if xenon-gcc supports -c -o file.o
configure:7743: xenon-gcc -c -mcpu=cell -mtune=cell -m32 -fno-pic -mpowerpc64 /usr/local/xenon/usr/lib/libxenon.a -L/usr/local/xenon/xenon/lib/32/ -T/usr/local/xenon/app.lds -u read -u _start -u exc_base -L/usr/local/xenon/usr/lib -I/usr/local/xenon/usr/include  -o out/conftest2.o conftest.c >&5
xenon-gcc: warning: /usr/local/xenon/usr/lib/libxenon.a: linker input file unused because linking not done
configure:7747: $? = 0
configure:7769: result: yes
configure:7777: checking if xenon-gcc supports -c -o file.o
configure:7824: result: yes
configure:7857: checking whether the xenon-gcc linker (/usr/local/xenon/xenon/bin/ld) supports shared libraries
configure:8848: result: yes
configure:9087: checking dynamic linker characteristics
configure:9750: result: no
configure:9852: checking how to hardcode library paths into programs
configure:9877: result: immediate
configure:10397: checking whether stripping libraries is possible
configure:10402: result: yes
configure:10437: checking if libtool supports shared libraries
configure:10439: result: no
configure:10442: checking whether to build shared libraries
configure:10463: result: no
configure:10466: checking whether to build static libraries
configure:10470: result: yes
configure:10552: checking for ld used by xenon-gcc
configure:10619: result: /usr/local/xenon/xenon/bin/ld
configure:10626: checking if the linker (/usr/local/xenon/xenon/bin/ld) is GNU ld
configure:10641: result: yes
configure:10672: checking for memory.h
configure:10672: result: no
configure:10686: checking for working alloca.h
configure:10703: xenon-gcc -o conftest -O2 -Wall -fsigned-char -mcpu=cell -mtune=cell -m32 -fno-pic -mpowerpc64 /usr/local/xenon/usr/lib/libxenon.a -L/usr/local/xenon/xenon/lib/32/ -T/usr/local/xenon/app.lds -u read -u _start -u exc_base -L/usr/local/xenon/usr/lib -I/usr/local/xenon/usr/include -D_REENTRANT    -Wl,--version-script=Version_script conftest.c  >&5
configure:10703: $? = 0
configure:10711: result: yes
configure:10719: checking for alloca
configure:10756: xenon-gcc -o conftest -O2 -Wall -fsigned-char -mcpu=cell -mtune=cell -m32 -fno-pic -mpowerpc64 /usr/local/xenon/usr/lib/libxenon.a -L/usr/local/xenon/xenon/lib/32/ -T/usr/local/xenon/app.lds -u read -u _start -u exc_base -L/usr/local/xenon/usr/lib -I/usr/local/xenon/usr/include -D_REENTRANT    -Wl,--version-script=Version_script conftest.c  >&5
configure:10756: $? = 0
configure:10764: result: yes
configure:10873: checking for working memcmp
configure:10926: result: no
configure:11068: creating ./config.status

## ---------------------- ##
## Running config.status. ##
## ---------------------- ##

This file was extended by config.status, which was
generated by GNU Autoconf 2.67.  Invocation command line was

  CONFIG_FILES    = 
  CONFIG_HEADERS  = 
  CONFIG_LINKS    = 
  CONFIG_COMMANDS = 
  $ ./config.status 

on crunchbang

config.status:1081: creating Makefile
config.status:1081: creating Version_script
config.status:1081: creating vorbisidec.pc
config.status:1081: creating config.h
config.status:1309: executing depfiles commands
config.status:1309: executing libtool commands

## ---------------- ##
## Cache variables. ##
## ---------------- ##

ac_cv_build=i686-pc-linux-gnu
ac_cv_c_compiler_gnu=yes
ac_cv_env_CC_set=set
ac_cv_env_CC_value=xenon-gcc
ac_cv_env_CFLAGS_set=set
ac_cv_env_CFLAGS_value='-mcpu=cell -mtune=cell -m32 -fno-pic -mpowerpc64 /usr/local/xenon/usr/lib/libxenon.a -L/usr/local/xenon/xenon/lib/32/ -T/usr/local/xenon/app.lds -u read -u _start -u exc_base -L/usr/local/xenon/usr/lib -I/usr/local/xenon/usr/include'
ac_cv_env_CPPFLAGS_set=
ac_cv_env_CPPFLAGS_value=
ac_cv_env_CPP_set=
ac_cv_env_CPP_value=
ac_cv_env_LDFLAGS_set=set
ac_cv_env_LDFLAGS_value=
ac_cv_env_LIBS_set=
ac_cv_env_LIBS_value=
ac_cv_env_build_alias_set=
ac_cv_env_build_alias_value=
ac_cv_env_host_alias_set=set
ac_cv_env_host_alias_value=xenon
ac_cv_env_target_alias_set=
ac_cv_env_target_alias_value=
ac_cv_func_alloca_works=yes
ac_cv_func_memcmp_working=no
ac_cv_header_dlfcn_h=no
ac_cv_header_inttypes_h=yes
ac_cv_header_memory_h=no
ac_cv_header_stdc=yes
ac_cv_header_stdint_h=yes
ac_cv_header_stdlib_h=yes
ac_cv_header_string_h=yes
ac_cv_header_strings_h=yes
ac_cv_header_sys_stat_h=yes
ac_cv_header_sys_types_h=yes
ac_cv_header_unistd_h=yes
ac_cv_host=powerpc64-unknown-none
ac_cv_objext=o
ac_cv_path_EGREP='/bin/grep -E'
ac_cv_path_FGREP='/bin/grep -F'
ac_cv_path_GREP=/bin/grep
ac_cv_path_SED=/bin/sed
ac_cv_path_install='/usr/bin/install -c'
ac_cv_path_mkdir=/bin/mkdir
ac_cv_prog_AR=xenon-ar
ac_cv_prog_AWK=gawk
ac_cv_prog_CC=xenon-gcc
ac_cv_prog_CPP='xenon-gcc -E'
ac_cv_prog_OBJDUMP=xenon-objdump
ac_cv_prog_RANLIB=xenon-ranlib
ac_cv_prog_STRIP=xenon-strip
ac_cv_prog_cc_c89=
ac_cv_prog_cc_g=yes
ac_cv_prog_make_make_set=yes
ac_cv_target=powerpc64-unknown-none
ac_cv_working_alloca_h=yes
am_cv_CC_dependencies_compiler_type=gcc3
lt_cv_deplibs_check_method=unknown
lt_cv_file_magic_cmd='$MAGIC_CMD'
lt_cv_file_magic_test_file=
lt_cv_ld_reload_flag=-r
lt_cv_nm_interface='BSD nm'
lt_cv_objdir=.libs
lt_cv_path_LD=/usr/local/xenon/xenon/bin/ld
lt_cv_path_NM='/usr/local/xenon/bin/xenon-nm -B'
lt_cv_prog_compiler_c_o=yes
lt_cv_prog_compiler_pic_works=yes
lt_cv_prog_compiler_rtti_exceptions=no
lt_cv_prog_compiler_static_works=yes
lt_cv_prog_gnu_ld=yes
lt_cv_sys_global_symbol_pipe='sed -n -e '\''s/^.*[	 ]\([ABCDGIRSTW][ABCDGIRSTW]*\)[	 ][	 ]*\([_A-Za-z][_A-Za-z0-9]*\)$/\1 \2 \2/p'\'''
lt_cv_sys_global_symbol_to_c_name_address='sed -n -e '\''s/^: \([^ ]*\) $/  {\"\1\", (void *) 0},/p'\'' -e '\''s/^[ABCDGIRSTW]* \([^ ]*\) \([^ ]*\)$/  {"\2", (void *) \&\2},/p'\'''
lt_cv_sys_global_symbol_to_c_name_address_lib_prefix='sed -n -e '\''s/^: \([^ ]*\) $/  {\"\1\", (void *) 0},/p'\'' -e '\''s/^[ABCDGIRSTW]* \([^ ]*\) \(lib[^ ]*\)$/  {"\2", (void *) \&\2},/p'\'' -e '\''s/^[ABCDGIRSTW]* \([^ ]*\) \([^ ]*\)$/  {"lib\2", (void *) \&\2},/p'\'''
lt_cv_sys_global_symbol_to_cdecl='sed -n -e '\''s/^T .* \(.*\)$/extern int \1();/p'\'' -e '\''s/^[ABCDGIRSTW]* .* \(.*\)$/extern char \1;/p'\'''
lt_cv_sys_max_cmd_len=1572864

## ----------------- ##
## Output variables. ##
## ----------------- ##

ACLOCAL='${SHELL} /home/pos/Desktop/Tremor/missing --run aclocal-1.11'
ALLOCA=''
AMDEPBACKSLASH='\'
AMDEP_FALSE='#'
AMDEP_TRUE=''
AMTAR='${SHELL} /home/pos/Desktop/Tremor/missing --run tar'
AR='xenon-ar'
AUTOCONF='${SHELL} /home/pos/Desktop/Tremor/missing --run autoconf'
AUTOHEADER='${SHELL} /home/pos/Desktop/Tremor/missing --run autoheader'
AUTOMAKE='${SHELL} /home/pos/Desktop/Tremor/missing --run automake-1.11'
AWK='gawk'
CC='xenon-gcc'
CCDEPMODE='depmode=gcc3'
CFLAGS='-O2 -Wall -fsigned-char -mcpu=cell -mtune=cell -m32 -fno-pic -mpowerpc64 /usr/local/xenon/usr/lib/libxenon.a -L/usr/local/xenon/xenon/lib/32/ -T/usr/local/xenon/app.lds -u read -u _start -u exc_base -L/usr/local/xenon/usr/lib -I/usr/local/xenon/usr/include -D_REENTRANT'
CPP='xenon-gcc -E'
CPPFLAGS=''
CYGPATH_W='echo'
DEBUG='-g -Wall -W -D__NO_MATH_INLINES -fsigned-char'
DEFS='-DHAVE_CONFIG_H'
DEPDIR='.deps'
DSYMUTIL=''
DUMPBIN=''
ECHO_C=''
ECHO_N='-n'
ECHO_T=''
EGREP='/bin/grep -E'
EXEEXT=''
FGREP='/bin/grep -F'
GREP='/bin/grep'
INSTALL_DATA='${INSTALL} -m 644'
INSTALL_PROGRAM='${INSTALL}'
INSTALL_SCRIPT='${INSTALL}'
INSTALL_STRIP_PROGRAM='$(install_sh) -c -s'
LD='/usr/local/xenon/xenon/bin/ld'
LDFLAGS='  -Wl,--version-script=Version_script'
LIBOBJS=' ${LIBOBJDIR}memcmp$U.o'
LIBS=''
LIBTOOL='$(SHELL) $(top_builddir)/libtool'
LIPO=''
LN_S='ln -s'
LTLIBOBJS=' ${LIBOBJDIR}memcmp$U.lo'
MAINT='#'
MAINTAINER_MODE_FALSE=''
MAINTAINER_MODE_TRUE='#'
MAKEINFO='${SHELL} /home/pos/Desktop/Tremor/missing --run makeinfo'
MKDIR_P='/bin/mkdir -p'
NM='/usr/local/xenon/bin/xenon-nm -B'
NMEDIT=''
OBJDUMP='xenon-objdump'
OBJEXT='o'
OTOOL64=''
OTOOL=''
PACKAGE='libvorbisidec'
PACKAGE_BUGREPORT=''
PACKAGE_NAME=''
PACKAGE_STRING=''
PACKAGE_TARNAME=''
PACKAGE_URL=''
PACKAGE_VERSION=''
PATH_SEPARATOR=':'
PROFILE='-Wall -pg -g -O2 -fsigned-char -fno-inline-functions'
RANLIB='xenon-ranlib'
SED='/bin/sed'
SET_MAKE=''
SHELL='/bin/bash'
STRIP='xenon-strip'
VERSION='1.2.1'
V_LIB_AGE='0'
V_LIB_CURRENT='1'
V_LIB_REVISION='3'
ac_ct_CC=''
ac_ct_DUMPBIN=''
am__EXEEXT_FALSE=''
am__EXEEXT_TRUE='#'
am__fastdepCC_FALSE='#'
am__fastdepCC_TRUE=''
am__include='include'
am__isrc=''
am__leading_dot='.'
am__quote=''
am__tar='${AMTAR} chof - "$$tardir"'
am__untar='${AMTAR} xf -'
bindir='${exec_prefix}/bin'
build='i686-pc-linux-gnu'
build_alias=''
build_cpu='i686'
build_os='linux-gnu'
build_vendor='pc'
datadir='${datarootdir}'
datarootdir='${prefix}/share'
docdir='${datarootdir}/doc/${PACKAGE}'
dvidir='${docdir}'
exec_prefix='${prefix}'
host='powerpc64-unknown-none'
host_alias='xenon'
host_cpu='powerpc64'
host_os='none'
host_vendor='unknown'
htmldir='${docdir}'
includedir='${prefix}/include'
infodir='${datarootdir}/info'
install_sh='${SHELL} /home/pos/Desktop/Tremor/install-sh'
libdir='${exec_prefix}/lib'
libexecdir='${exec_prefix}/libexec'
localedir='${datarootdir}/locale'
localstatedir='${prefix}/var'
lt_ECHO='echo'
mandir='${datarootdir}/man'
mkdir_p='/bin/mkdir -p'
oldincludedir='/usr/include'
pdfdir='${docdir}'
prefix='/usr/local/xenon/usr'
program_transform_name='s,x,x,'
psdir='${docdir}'
sbindir='${exec_prefix}/sbin'
sharedstatedir='${prefix}/com'
sysconfdir='${prefix}/etc'
target='powerpc64-unknown-none'
target_alias=''
target_cpu='powerpc64'
target_os='none'
target_vendor='unknown'

## ----------- ##
## confdefs.h. ##
## ----------- ##

/* confdefs.h */
#define PACKAGE_NAME ""
#define PACKAGE_TARNAME ""
#define PACKAGE_VERSION ""
#define PACKAGE_STRING ""
#define PACKAGE_BUGREPORT ""
#define PACKAGE_URL ""
#define PACKAGE "libvorbisidec"
#define VERSION "1.2.1"
#define STDC_HEADERS 1
#define HAVE_SYS_TYPES_H 1
#define HAVE_SYS_STAT_H 1
#define HAVE_STDLIB_H 1
#define HAVE_STRING_H 1
#define HAVE_STRINGS_H 1
#define HAVE_INTTYPES_H 1
#define HAVE_STDINT_H 1
#define HAVE_UNISTD_H 1
#define LT_OBJDIR ".libs/"
#define HAVE_ALLOCA_H 1
#define HAVE_ALLOCA 1

configure: exit 0
